<?xml version="1.0" encoding="UTF-8"?>
<!-- Generated by org.testng.reporters.JUnitReportReporter -->
<testsuite hostname="DESKTOP-5A457IG" failures="0" tests="2" name="tests.AuthenticationTest" time="5.279" errors="0" timestamp="2021-12-20T04:19:06 EET" skipped="0">
  <testcase classname="tests.AuthenticationTest" name="addNewAdminPage" time="4.985"/>
  <system-out/>
  <testcase classname="tests.AuthenticationTest" name="loginToHomePage" time="0.294"/>
  <system-out/>
</testsuite> <!-- tests.AuthenticationTest -->
