<?xml version="1.0" encoding="UTF-8"?>
<!-- Generated by org.testng.reporters.JUnitReportReporter -->
<testsuite hostname="DESKTOP-5A457IG" failures="0" tests="5" name="tests.AddAdminFormTest" time="22.679" errors="0" timestamp="2021-12-20T04:19:06 EET" skipped="0">
  <testcase classname="tests.AddAdminFormTest" name="ValidateNewAdminAdded" time="0.015"/>
  <system-out/>
  <testcase classname="tests.AddAdminFormTest" name="EditAdminInfo" time="13.581"/>
  <system-out/>
  <testcase classname="tests.AddAdminFormTest" name="RevalidateNewAdminAdded" time="0.014"/>
  <system-out/>
  <testcase classname="tests.AddAdminFormTest" name="FillNewAdminForm" time="7.719"/>
  <system-out/>
  <testcase classname="tests.AddAdminFormTest" name="logout" time="1.350"/>
  <system-out/>
</testsuite> <!-- tests.AddAdminFormTest -->
