<?xml version="1.0" encoding="UTF-8"?>
<!-- Generated by org.testng.reporters.JUnitReportReporter -->
<testsuite hostname="DESKTOP-5A457IG" failures="0" tests="3" name="tests.NewAdminFuncTest" time="8.691" errors="0" timestamp="2021-12-20T04:19:06 EET" skipped="0">
  <testcase classname="tests.NewAdminFuncTest" name="loginNewAdminToHomePage" time="0.226"/>
  <system-out/>
  <testcase classname="tests.NewAdminFuncTest" name="addNewHotelPage" time="7.106"/>
  <system-out/>
  <testcase classname="tests.NewAdminFuncTest" name="validateHotelsMenuFound" time="1.359"/>
  <system-out/>
</testsuite> <!-- tests.NewAdminFuncTest -->
